Start testing: Mar 30 04:04 MSK
----------------------------------------------------------
1/18 Testing: full_matrix_test.creation
1/18 Test: full_matrix_test.creation
Command: "/mnt/d/eque/HW/build/tests/small_test_1" "--gtest_filter=full_matrix_test.creation" "--gtest_also_run_disabled_tests"
Directory: /mnt/d/eque/HW/build/tests
"full_matrix_test.creation" start time: Mar 30 04:04 MSK
Output:
----------------------------------------------------------
Running main() from ./googletest/src/gtest_main.cc
Note: Google Test filter = full_matrix_test.creation
[==========] Running 1 test from 1 test suite.
[----------] Global test environment set-up.
[----------] 1 test from full_matrix_test
[ RUN      ] full_matrix_test.creation
[       OK ] full_matrix_test.creation (0 ms)
[----------] 1 test from full_matrix_test (0 ms total)

[----------] Global test environment tear-down
[==========] 1 test from 1 test suite ran. (0 ms total)
[  PASSED  ] 1 test.
<end of output>
Test time =   0.15 sec
----------------------------------------------------------
Test Passed.
"full_matrix_test.creation" end time: Mar 30 04:04 MSK
"full_matrix_test.creation" time elapsed: 00:00:00
----------------------------------------------------------

2/18 Testing: full_matrix_test.scalar
2/18 Test: full_matrix_test.scalar
Command: "/mnt/d/eque/HW/build/tests/small_test_1" "--gtest_filter=full_matrix_test.scalar" "--gtest_also_run_disabled_tests"
Directory: /mnt/d/eque/HW/build/tests
"full_matrix_test.scalar" start time: Mar 30 04:04 MSK
Output:
----------------------------------------------------------
Running main() from ./googletest/src/gtest_main.cc
Note: Google Test filter = full_matrix_test.scalar
[==========] Running 1 test from 1 test suite.
[----------] Global test environment set-up.
[----------] 1 test from full_matrix_test
[ RUN      ] full_matrix_test.scalar
[       OK ] full_matrix_test.scalar (0 ms)
[----------] 1 test from full_matrix_test (0 ms total)

[----------] Global test environment tear-down
[==========] 1 test from 1 test suite ran. (0 ms total)
[  PASSED  ] 1 test.
<end of output>
Test time =   0.14 sec
----------------------------------------------------------
Test Passed.
"full_matrix_test.scalar" end time: Mar 30 04:04 MSK
"full_matrix_test.scalar" time elapsed: 00:00:00
----------------------------------------------------------

3/18 Testing: full_matrix_test.vector
3/18 Test: full_matrix_test.vector
Command: "/mnt/d/eque/HW/build/tests/small_test_1" "--gtest_filter=full_matrix_test.vector" "--gtest_also_run_disabled_tests"
Directory: /mnt/d/eque/HW/build/tests
"full_matrix_test.vector" start time: Mar 30 04:04 MSK
Output:
----------------------------------------------------------
Running main() from ./googletest/src/gtest_main.cc
Note: Google Test filter = full_matrix_test.vector
[==========] Running 1 test from 1 test suite.
[----------] Global test environment set-up.
[----------] 1 test from full_matrix_test
[ RUN      ] full_matrix_test.vector
[       OK ] full_matrix_test.vector (0 ms)
[----------] 1 test from full_matrix_test (0 ms total)

[----------] Global test environment tear-down
[==========] 1 test from 1 test suite ran. (0 ms total)
[  PASSED  ] 1 test.
<end of output>
Test time =   0.08 sec
----------------------------------------------------------
Test Passed.
"full_matrix_test.vector" end time: Mar 30 04:04 MSK
"full_matrix_test.vector" time elapsed: 00:00:00
----------------------------------------------------------

4/18 Testing: CSR_matrix_test.creation_1
4/18 Test: CSR_matrix_test.creation_1
Command: "/mnt/d/eque/HW/build/tests/small_test_1" "--gtest_filter=CSR_matrix_test.creation_1" "--gtest_also_run_disabled_tests"
Directory: /mnt/d/eque/HW/build/tests
"CSR_matrix_test.creation_1" start time: Mar 30 04:04 MSK
Output:
----------------------------------------------------------
Running main() from ./googletest/src/gtest_main.cc
Note: Google Test filter = CSR_matrix_test.creation_1
[==========] Running 1 test from 1 test suite.
[----------] Global test environment set-up.
[----------] 1 test from CSR_matrix_test
[ RUN      ] CSR_matrix_test.creation_1
[       OK ] CSR_matrix_test.creation_1 (0 ms)
[----------] 1 test from CSR_matrix_test (0 ms total)

[----------] Global test environment tear-down
[==========] 1 test from 1 test suite ran. (0 ms total)
[  PASSED  ] 1 test.
<end of output>
Test time =   0.10 sec
----------------------------------------------------------
Test Passed.
"CSR_matrix_test.creation_1" end time: Mar 30 04:04 MSK
"CSR_matrix_test.creation_1" time elapsed: 00:00:00
----------------------------------------------------------

5/18 Testing: CSR_matrix_test.vector
5/18 Test: CSR_matrix_test.vector
Command: "/mnt/d/eque/HW/build/tests/small_test_1" "--gtest_filter=CSR_matrix_test.vector" "--gtest_also_run_disabled_tests"
Directory: /mnt/d/eque/HW/build/tests
"CSR_matrix_test.vector" start time: Mar 30 04:04 MSK
Output:
----------------------------------------------------------
Running main() from ./googletest/src/gtest_main.cc
Note: Google Test filter = CSR_matrix_test.vector
[==========] Running 1 test from 1 test suite.
[----------] Global test environment set-up.
[----------] 1 test from CSR_matrix_test
[ RUN      ] CSR_matrix_test.vector
[       OK ] CSR_matrix_test.vector (0 ms)
[----------] 1 test from CSR_matrix_test (0 ms total)

[----------] Global test environment tear-down
[==========] 1 test from 1 test suite ran. (0 ms total)
[  PASSED  ] 1 test.
<end of output>
Test time =   0.10 sec
----------------------------------------------------------
Test Passed.
"CSR_matrix_test.vector" end time: Mar 30 04:04 MSK
"CSR_matrix_test.vector" time elapsed: 00:00:00
----------------------------------------------------------

6/18 Testing: CSR_matrix_test.Creation_2
6/18 Test: CSR_matrix_test.Creation_2
Command: "/mnt/d/eque/HW/build/tests/small_test_1" "--gtest_filter=CSR_matrix_test.Creation_2" "--gtest_also_run_disabled_tests"
Directory: /mnt/d/eque/HW/build/tests
"CSR_matrix_test.Creation_2" start time: Mar 30 04:04 MSK
Output:
----------------------------------------------------------
Running main() from ./googletest/src/gtest_main.cc
Note: Google Test filter = CSR_matrix_test.Creation_2
[==========] Running 1 test from 1 test suite.
[----------] Global test environment set-up.
[----------] 1 test from CSR_matrix_test
[ RUN      ] CSR_matrix_test.Creation_2
[       OK ] CSR_matrix_test.Creation_2 (0 ms)
[----------] 1 test from CSR_matrix_test (0 ms total)

[----------] Global test environment tear-down
[==========] 1 test from 1 test suite ran. (0 ms total)
[  PASSED  ] 1 test.
<end of output>
Test time =   0.09 sec
----------------------------------------------------------
Test Passed.
"CSR_matrix_test.Creation_2" end time: Mar 30 04:04 MSK
"CSR_matrix_test.Creation_2" time elapsed: 00:00:00
----------------------------------------------------------

7/18 Testing: CSR_matrix_test.scalar
7/18 Test: CSR_matrix_test.scalar
Command: "/mnt/d/eque/HW/build/tests/small_test_1" "--gtest_filter=CSR_matrix_test.scalar" "--gtest_also_run_disabled_tests"
Directory: /mnt/d/eque/HW/build/tests
"CSR_matrix_test.scalar" start time: Mar 30 04:04 MSK
Output:
----------------------------------------------------------
Running main() from ./googletest/src/gtest_main.cc
Note: Google Test filter = CSR_matrix_test.scalar
[==========] Running 1 test from 1 test suite.
[----------] Global test environment set-up.
[----------] 1 test from CSR_matrix_test
[ RUN      ] CSR_matrix_test.scalar
[       OK ] CSR_matrix_test.scalar (0 ms)
[----------] 1 test from CSR_matrix_test (0 ms total)

[----------] Global test environment tear-down
[==========] 1 test from 1 test suite ran. (0 ms total)
[  PASSED  ] 1 test.
<end of output>
Test time =   0.08 sec
----------------------------------------------------------
Test Passed.
"CSR_matrix_test.scalar" end time: Mar 30 04:04 MSK
"CSR_matrix_test.scalar" time elapsed: 00:00:00
----------------------------------------------------------

8/18 Testing: CSR_matrix_test.vector_2
8/18 Test: CSR_matrix_test.vector_2
Command: "/mnt/d/eque/HW/build/tests/small_test_1" "--gtest_filter=CSR_matrix_test.vector_2" "--gtest_also_run_disabled_tests"
Directory: /mnt/d/eque/HW/build/tests
"CSR_matrix_test.vector_2" start time: Mar 30 04:04 MSK
Output:
----------------------------------------------------------
Running main() from ./googletest/src/gtest_main.cc
Note: Google Test filter = CSR_matrix_test.vector_2
[==========] Running 1 test from 1 test suite.
[----------] Global test environment set-up.
[----------] 1 test from CSR_matrix_test
[ RUN      ] CSR_matrix_test.vector_2
[       OK ] CSR_matrix_test.vector_2 (0 ms)
[----------] 1 test from CSR_matrix_test (0 ms total)

[----------] Global test environment tear-down
[==========] 1 test from 1 test suite ran. (0 ms total)
[  PASSED  ] 1 test.
<end of output>
Test time =   0.08 sec
----------------------------------------------------------
Test Passed.
"CSR_matrix_test.vector_2" end time: Mar 30 04:04 MSK
"CSR_matrix_test.vector_2" time elapsed: 00:00:00
----------------------------------------------------------

9/18 Testing: CSR_matrix_test.comparation
9/18 Test: CSR_matrix_test.comparation
Command: "/mnt/d/eque/HW/build/tests/small_test_1" "--gtest_filter=CSR_matrix_test.comparation" "--gtest_also_run_disabled_tests"
Directory: /mnt/d/eque/HW/build/tests
"CSR_matrix_test.comparation" start time: Mar 30 04:04 MSK
Output:
----------------------------------------------------------
Running main() from ./googletest/src/gtest_main.cc
Note: Google Test filter = CSR_matrix_test.comparation
[==========] Running 1 test from 1 test suite.
[----------] Global test environment set-up.
[----------] 1 test from CSR_matrix_test
[ RUN      ] CSR_matrix_test.comparation
[       OK ] CSR_matrix_test.comparation (0 ms)
[----------] 1 test from CSR_matrix_test (0 ms total)

[----------] Global test environment tear-down
[==========] 1 test from 1 test suite ran. (0 ms total)
[  PASSED  ] 1 test.
<end of output>
Test time =   0.07 sec
----------------------------------------------------------
Test Passed.
"CSR_matrix_test.comparation" end time: Mar 30 04:04 MSK
"CSR_matrix_test.comparation" time elapsed: 00:00:00
----------------------------------------------------------

10/18 Testing: QR_test.QR_from_A
10/18 Test: QR_test.QR_from_A
Command: "/mnt/d/eque/HW/build/tests/small_test_2" "--gtest_filter=QR_test.QR_from_A" "--gtest_also_run_disabled_tests"
Directory: /mnt/d/eque/HW/build/tests
"QR_test.QR_from_A" start time: Mar 30 04:04 MSK
Output:
----------------------------------------------------------
Running main() from ./googletest/src/gtest_main.cc
Note: Google Test filter = QR_test.QR_from_A
[==========] Running 1 test from 1 test suite.
[----------] Global test environment set-up.
[----------] 1 test from QR_test
[ RUN      ] QR_test.QR_from_A
[       OK ] QR_test.QR_from_A (0 ms)
[----------] 1 test from QR_test (0 ms total)

[----------] Global test environment tear-down
[==========] 1 test from 1 test suite ran. (0 ms total)
[  PASSED  ] 1 test.
<end of output>
Test time =   0.07 sec
----------------------------------------------------------
Test Passed.
"QR_test.QR_from_A" end time: Mar 30 04:04 MSK
"QR_test.QR_from_A" time elapsed: 00:00:00
----------------------------------------------------------

11/18 Testing: QR_solver_test.QR_solution
11/18 Test: QR_solver_test.QR_solution
Command: "/mnt/d/eque/HW/build/tests/small_test_2" "--gtest_filter=QR_solver_test.QR_solution" "--gtest_also_run_disabled_tests"
Directory: /mnt/d/eque/HW/build/tests
"QR_solver_test.QR_solution" start time: Mar 30 04:04 MSK
Output:
----------------------------------------------------------
Running main() from ./googletest/src/gtest_main.cc
Note: Google Test filter = QR_solver_test.QR_solution
[==========] Running 1 test from 1 test suite.
[----------] Global test environment set-up.
[----------] 1 test from QR_solver_test
[ RUN      ] QR_solver_test.QR_solution
[       OK ] QR_solver_test.QR_solution (0 ms)
[----------] 1 test from QR_solver_test (0 ms total)

[----------] Global test environment tear-down
[==========] 1 test from 1 test suite ran. (0 ms total)
[  PASSED  ] 1 test.
<end of output>
Test time =   0.07 sec
----------------------------------------------------------
Test Passed.
"QR_solver_test.QR_solution" end time: Mar 30 04:04 MSK
"QR_solver_test.QR_solution" time elapsed: 00:00:00
----------------------------------------------------------

12/18 Testing: Iteration_solver.MPI_Solution
12/18 Test: Iteration_solver.MPI_Solution
Command: "/mnt/d/eque/HW/build/tests/small_test_3" "--gtest_filter=Iteration_solver.MPI_Solution" "--gtest_also_run_disabled_tests"
Directory: /mnt/d/eque/HW/build/tests
"Iteration_solver.MPI_Solution" start time: Mar 30 04:04 MSK
Output:
----------------------------------------------------------
Running main() from ./googletest/src/gtest_main.cc
Note: Google Test filter = Iteration_solver.MPI_Solution
[==========] Running 1 test from 1 test suite.
[----------] Global test environment set-up.
[----------] 1 test from Iteration_solver
[ RUN      ] Iteration_solver.MPI_Solution
[       OK ] Iteration_solver.MPI_Solution (0 ms)
[----------] 1 test from Iteration_solver (0 ms total)

[----------] Global test environment tear-down
[==========] 1 test from 1 test suite ran. (0 ms total)
[  PASSED  ] 1 test.
<end of output>
Test time =   0.10 sec
----------------------------------------------------------
Test Passed.
"Iteration_solver.MPI_Solution" end time: Mar 30 04:04 MSK
"Iteration_solver.MPI_Solution" time elapsed: 00:00:00
----------------------------------------------------------

13/18 Testing: Iteration_solver.Jacobi_Solution
13/18 Test: Iteration_solver.Jacobi_Solution
Command: "/mnt/d/eque/HW/build/tests/small_test_3" "--gtest_filter=Iteration_solver.Jacobi_Solution" "--gtest_also_run_disabled_tests"
Directory: /mnt/d/eque/HW/build/tests
"Iteration_solver.Jacobi_Solution" start time: Mar 30 04:04 MSK
Output:
----------------------------------------------------------
Running main() from ./googletest/src/gtest_main.cc
Note: Google Test filter = Iteration_solver.Jacobi_Solution
[==========] Running 1 test from 1 test suite.
[----------] Global test environment set-up.
[----------] 1 test from Iteration_solver
[ RUN      ] Iteration_solver.Jacobi_Solution
[       OK ] Iteration_solver.Jacobi_Solution (0 ms)
[----------] 1 test from Iteration_solver (0 ms total)

[----------] Global test environment tear-down
[==========] 1 test from 1 test suite ran. (0 ms total)
[  PASSED  ] 1 test.
<end of output>
Test time =   0.09 sec
----------------------------------------------------------
Test Passed.
"Iteration_solver.Jacobi_Solution" end time: Mar 30 04:04 MSK
"Iteration_solver.Jacobi_Solution" time elapsed: 00:00:00
----------------------------------------------------------

14/18 Testing: Iteration_solver.GaussSeidel_Solution
14/18 Test: Iteration_solver.GaussSeidel_Solution
Command: "/mnt/d/eque/HW/build/tests/small_test_3" "--gtest_filter=Iteration_solver.GaussSeidel_Solution" "--gtest_also_run_disabled_tests"
Directory: /mnt/d/eque/HW/build/tests
"Iteration_solver.GaussSeidel_Solution" start time: Mar 30 04:04 MSK
Output:
----------------------------------------------------------
Running main() from ./googletest/src/gtest_main.cc
Note: Google Test filter = Iteration_solver.GaussSeidel_Solution
[==========] Running 1 test from 1 test suite.
[----------] Global test environment set-up.
[----------] 1 test from Iteration_solver
[ RUN      ] Iteration_solver.GaussSeidel_Solution
[       OK ] Iteration_solver.GaussSeidel_Solution (0 ms)
[----------] 1 test from Iteration_solver (0 ms total)

[----------] Global test environment tear-down
[==========] 1 test from 1 test suite ran. (0 ms total)
[  PASSED  ] 1 test.
<end of output>
Test time =   0.13 sec
----------------------------------------------------------
Test Passed.
"Iteration_solver.GaussSeidel_Solution" end time: Mar 30 04:04 MSK
"Iteration_solver.GaussSeidel_Solution" time elapsed: 00:00:00
----------------------------------------------------------

15/18 Testing: Iteration_solver.Chebyshev_Solution
15/18 Test: Iteration_solver.Chebyshev_Solution
Command: "/mnt/d/eque/HW/build/tests/small_test_3" "--gtest_filter=Iteration_solver.Chebyshev_Solution" "--gtest_also_run_disabled_tests"
Directory: /mnt/d/eque/HW/build/tests
"Iteration_solver.Chebyshev_Solution" start time: Mar 30 04:04 MSK
Output:
----------------------------------------------------------
Running main() from ./googletest/src/gtest_main.cc
Note: Google Test filter = Iteration_solver.Chebyshev_Solution
[==========] Running 1 test from 1 test suite.
[----------] Global test environment set-up.
[----------] 1 test from Iteration_solver
[ RUN      ] Iteration_solver.Chebyshev_Solution
30.892
[       OK ] Iteration_solver.Chebyshev_Solution (1 ms)
[----------] 1 test from Iteration_solver (1 ms total)

[----------] Global test environment tear-down
[==========] 1 test from 1 test suite ran. (1 ms total)
[  PASSED  ] 1 test.
<end of output>
Test time =   0.08 sec
----------------------------------------------------------
Test Passed.
"Iteration_solver.Chebyshev_Solution" end time: Mar 30 04:04 MSK
"Iteration_solver.Chebyshev_Solution" time elapsed: 00:00:00
----------------------------------------------------------

16/18 Testing: Iteration_solver.Chebyshev_acceleration_Jacobi_step
16/18 Test: Iteration_solver.Chebyshev_acceleration_Jacobi_step
Command: "/mnt/d/eque/HW/build/tests/small_test_3" "--gtest_filter=Iteration_solver.Chebyshev_acceleration_Jacobi_step" "--gtest_also_run_disabled_tests"
Directory: /mnt/d/eque/HW/build/tests
"Iteration_solver.Chebyshev_acceleration_Jacobi_step" start time: Mar 30 04:04 MSK
Output:
----------------------------------------------------------
Running main() from ./googletest/src/gtest_main.cc
Note: Google Test filter = Iteration_solver.Chebyshev_acceleration_Jacobi_step
[==========] Running 1 test from 1 test suite.
[----------] Global test environment set-up.
[----------] 1 test from Iteration_solver
[ RUN      ] Iteration_solver.Chebyshev_acceleration_Jacobi_step
[       OK ] Iteration_solver.Chebyshev_acceleration_Jacobi_step (0 ms)
[----------] 1 test from Iteration_solver (0 ms total)

[----------] Global test environment tear-down
[==========] 1 test from 1 test suite ran. (0 ms total)
[  PASSED  ] 1 test.
<end of output>
Test time =   0.08 sec
----------------------------------------------------------
Test Passed.
"Iteration_solver.Chebyshev_acceleration_Jacobi_step" end time: Mar 30 04:04 MSK
"Iteration_solver.Chebyshev_acceleration_Jacobi_step" time elapsed: 00:00:00
----------------------------------------------------------

17/18 Testing: Iteration_solver.Chebyshev_acceleration_Gauss_step
17/18 Test: Iteration_solver.Chebyshev_acceleration_Gauss_step
Command: "/mnt/d/eque/HW/build/tests/small_test_3" "--gtest_filter=Iteration_solver.Chebyshev_acceleration_Gauss_step" "--gtest_also_run_disabled_tests"
Directory: /mnt/d/eque/HW/build/tests
"Iteration_solver.Chebyshev_acceleration_Gauss_step" start time: Mar 30 04:04 MSK
Output:
----------------------------------------------------------
Running main() from ./googletest/src/gtest_main.cc
Note: Google Test filter = Iteration_solver.Chebyshev_acceleration_Gauss_step
[==========] Running 1 test from 1 test suite.
[----------] Global test environment set-up.
[----------] 1 test from Iteration_solver
[ RUN      ] Iteration_solver.Chebyshev_acceleration_Gauss_step
[       OK ] Iteration_solver.Chebyshev_acceleration_Gauss_step (0 ms)
[----------] 1 test from Iteration_solver (0 ms total)

[----------] Global test environment tear-down
[==========] 1 test from 1 test suite ran. (0 ms total)
[  PASSED  ] 1 test.
<end of output>
Test time =   0.06 sec
----------------------------------------------------------
Test Passed.
"Iteration_solver.Chebyshev_acceleration_Gauss_step" end time: Mar 30 04:04 MSK
"Iteration_solver.Chebyshev_acceleration_Gauss_step" time elapsed: 00:00:00
----------------------------------------------------------

18/18 Testing: Iteration_solver.Chebyshev_acceleration_Symmetric_Gauss_step
18/18 Test: Iteration_solver.Chebyshev_acceleration_Symmetric_Gauss_step
Command: "/mnt/d/eque/HW/build/tests/small_test_3" "--gtest_filter=Iteration_solver.Chebyshev_acceleration_Symmetric_Gauss_step" "--gtest_also_run_disabled_tests"
Directory: /mnt/d/eque/HW/build/tests
"Iteration_solver.Chebyshev_acceleration_Symmetric_Gauss_step" start time: Mar 30 04:04 MSK
Output:
----------------------------------------------------------
Running main() from ./googletest/src/gtest_main.cc
Note: Google Test filter = Iteration_solver.Chebyshev_acceleration_Symmetric_Gauss_step
[==========] Running 1 test from 1 test suite.
[----------] Global test environment set-up.
[----------] 1 test from Iteration_solver
[ RUN      ] Iteration_solver.Chebyshev_acceleration_Symmetric_Gauss_step
[       OK ] Iteration_solver.Chebyshev_acceleration_Symmetric_Gauss_step (0 ms)
[----------] 1 test from Iteration_solver (0 ms total)

[----------] Global test environment tear-down
[==========] 1 test from 1 test suite ran. (0 ms total)
[  PASSED  ] 1 test.
<end of output>
Test time =   0.08 sec
----------------------------------------------------------
Test Passed.
"Iteration_solver.Chebyshev_acceleration_Symmetric_Gauss_step" end time: Mar 30 04:04 MSK
"Iteration_solver.Chebyshev_acceleration_Symmetric_Gauss_step" time elapsed: 00:00:00
----------------------------------------------------------

End testing: Mar 30 04:04 MSK
